-------------------------------------------------------------------------------
Test set: com.simplilearn.workshop.StandardTest
-------------------------------------------------------------------------------
Tests run: 1, Failures: 1, Errors: 0, Skipped: 0, Time elapsed: 0.078 sec <<< FAILURE! - in com.simplilearn.workshop.StandardTest
failingTest()  Time elapsed: 0.015 sec  <<< FAILURE!
org.opentest4j.AssertionFailedError: this method always fails
	at com.simplilearn.workshop.StandardTest.failingTest(StandardTest.java:11)

