<?xml version="1.0" encoding="UTF-8"?>
<testsuite xmlns:xsi="http://www.w3.org/2001/XMLSchema-instance" xsi:schemaLocation="https://maven.apache.org/surefire/maven-surefire-plugin/xsd/surefire-test-report.xsd" name="com.simplilearn.workshop.StandardTest" time="0.078" tests="1" errors="0" skipped="0" failures="1">
  <properties>
[...]
</properties>
  <testcase name="failingTest" classname="com.simplilearn.workshop.StandardTest" time="0.015">
    <failure message="this method always fails" type="org.opentest4j.AssertionFailedError">org.opentest4j.AssertionFailedError: this method always fails
	at com.simplilearn.workshop.StandardTest.failingTest(StandardTest.java:11)
</failure>
  </testcase>
</testsuite>